<?xml version="1.0" encoding="UTF-8"?>
<testng-results ignored="0" total="1" passed="1" failed="0" skipped="0">
  <reporter-output>
  </reporter-output>
  <suite started-at="2023-02-09T19:17:50 MST" name="Suite" finished-at="2023-02-09T19:17:56 MST" duration-ms="6406">
    <groups>
    </groups>
    <test started-at="2023-02-09T19:17:50 MST" name="Test" finished-at="2023-02-09T19:17:56 MST" duration-ms="6406">
      <class name="tests.TestLogin">
        <test-method is-config="true" signature="initBrowser()[pri:0, instance:tests.TestLogin@46f699d5]" started-at="2023-02-09T19:17:50 MST" name="initBrowser" finished-at="2023-02-09T19:17:54 MST" duration-ms="3950" status="PASS">
          <reporter-output>
          </reporter-output>
        </test-method> <!-- initBrowser -->
        <test-method signature="testLogin()[pri:0, instance:tests.TestLogin@46f699d5]" started-at="2023-02-09T19:17:54 MST" name="testLogin" finished-at="2023-02-09T19:17:56 MST" duration-ms="2298" status="PASS">
          <reporter-output>
          </reporter-output>
        </test-method> <!-- testLogin -->
        <test-method is-config="true" signature="tearDown()[pri:0, instance:tests.TestLogin@46f699d5]" started-at="2023-02-09T19:17:56 MST" name="tearDown" finished-at="2023-02-09T19:17:56 MST" duration-ms="130" status="PASS">
          <reporter-output>
          </reporter-output>
        </test-method> <!-- tearDown -->
      </class> <!-- tests.TestLogin -->
    </test> <!-- Test -->
  </suite> <!-- Suite -->
</testng-results>
